This file contains any messages produced by compilers while
running configure, to aid debugging if configure makes a mistake.

It was created by headoverheels configure 1.0, which was
generated by GNU Autoconf 2.63.  Invocation command line was

  $ ./configure 

## --------- ##
## Platform. ##
## --------- ##

hostname = cosus
uname -m = x86_64
uname -r = 2.6.31.6-server-1mnb
uname -s = Linux
uname -v = #1 SMP Tue Dec 8 16:20:28 EST 2009

/usr/bin/uname -p = unknown
/bin/uname -X     = unknown

/bin/arch              = x86_64
/usr/bin/arch -k       = unknown
/usr/convex/getsysinfo = unknown
/usr/bin/hostinfo      = unknown
/bin/machine           = unknown
/usr/bin/oslevel       = unknown
/bin/universe          = unknown

PATH: /usr/bin
PATH: /bin
PATH: /usr/local/bin
PATH: /usr/X11R6/bin/
PATH: /usr/games
PATH: /usr/lib/qt4/bin
PATH: /home/jorge/bin


## ----------- ##
## Core tests. ##
## ----------- ##

configure:1879: checking for a BSD-compatible install
configure:1947: result: /usr/bin/install -c
configure:1958: checking whether build environment is sane
configure:2001: result: yes
configure:2026: checking for a thread-safe mkdir -p
configure:2065: result: /bin/mkdir -p
configure:2078: checking for gawk
configure:2094: found /usr/bin/gawk
configure:2105: result: gawk
configure:2116: checking whether make sets $(MAKE)
configure:2138: result: yes
configure:2372: checking for gcc
configure:2388: found /usr/bin/gcc
configure:2399: result: gcc
configure:2631: checking for C compiler version
configure:2639: gcc --version >&5
gcc (GCC) 4.4.1
Copyright (C) 2009 Free Software Foundation, Inc.
This is free software; see the source for copying conditions.  There is NO
warranty; not even for MERCHANTABILITY or FITNESS FOR A PARTICULAR PURPOSE.

configure:2643: $? = 0
configure:2650: gcc -v >&5
Using built-in specs.
Target: x86_64-manbo-linux-gnu
Configured with: ../configure --prefix=/usr --libexecdir=/usr/lib --with-slibdir=/lib64 --with-bugurl=https://qa.mandriva.com/ --mandir=/usr/share/man --infodir=/usr/share/info --enable-checking=release --enable-languages=c,c++,ada,fortran,objc,obj-c++,java --build=x86_64-manbo-linux-gnu --host=x86_64-manbo-linux-gnu --with-cpu=generic --with-system-zlib --enable-threads=posix --enable-shared --enable-objc-gc --enable-long-long --enable-__cxa_atexit --disable-libunwind-exceptions --enable-clocale=gnu --enable-java-awt=gtk --with-java-home=/usr/lib/jvm/java-1.5.0-gcj-1.5.0.0/jre --with-ecj-jar=/usr/share/java/eclipse-ecj.jar --enable-gtk-cairo --disable-libjava-multilib --enable-ssp --disable-libssp --disable-werror --with-ppl --with-cloog --with-python-dir=/lib/python2.6/site-packages
Thread model: posix
gcc version 4.4.1 (GCC) 
configure:2654: $? = 0
configure:2661: gcc -V >&5
gcc: '-V' option must have argument
configure:2665: $? = 1
configure:2688: checking for C compiler default output file name
configure:2710: gcc    conftest.c  >&5
configure:2714: $? = 0
configure:2752: result: a.out
configure:2771: checking whether the C compiler works
configure:2781: ./a.out
configure:2785: $? = 0
configure:2804: result: yes
configure:2811: checking whether we are cross compiling
configure:2813: result: no
configure:2816: checking for suffix of executables
configure:2823: gcc -o conftest    conftest.c  >&5
configure:2827: $? = 0
configure:2853: result: 
configure:2859: checking for suffix of object files
configure:2885: gcc -c   conftest.c >&5
configure:2889: $? = 0
configure:2914: result: o
configure:2918: checking whether we are using the GNU C compiler
configure:2947: gcc -c   conftest.c >&5
configure:2954: $? = 0
configure:2971: result: yes
configure:2980: checking whether gcc accepts -g
configure:3010: gcc -c -g  conftest.c >&5
configure:3017: $? = 0
configure:3118: result: yes
configure:3135: checking for gcc option to accept ISO C89
configure:3209: gcc  -c -g -O2  conftest.c >&5
configure:3216: $? = 0
configure:3239: result: none needed
configure:3268: checking for style of include used by make
configure:3296: result: GNU
configure:3321: checking dependency style of gcc
configure:3412: result: gcc3
configure:3485: checking for g++
configure:3501: found /usr/bin/g++
configure:3512: result: g++
configure:3539: checking for C++ compiler version
configure:3547: g++ --version >&5
g++ (GCC) 4.4.1
Copyright (C) 2009 Free Software Foundation, Inc.
This is free software; see the source for copying conditions.  There is NO
warranty; not even for MERCHANTABILITY or FITNESS FOR A PARTICULAR PURPOSE.

configure:3551: $? = 0
configure:3558: g++ -v >&5
Using built-in specs.
Target: x86_64-manbo-linux-gnu
Configured with: ../configure --prefix=/usr --libexecdir=/usr/lib --with-slibdir=/lib64 --with-bugurl=https://qa.mandriva.com/ --mandir=/usr/share/man --infodir=/usr/share/info --enable-checking=release --enable-languages=c,c++,ada,fortran,objc,obj-c++,java --build=x86_64-manbo-linux-gnu --host=x86_64-manbo-linux-gnu --with-cpu=generic --with-system-zlib --enable-threads=posix --enable-shared --enable-objc-gc --enable-long-long --enable-__cxa_atexit --disable-libunwind-exceptions --enable-clocale=gnu --enable-java-awt=gtk --with-java-home=/usr/lib/jvm/java-1.5.0-gcj-1.5.0.0/jre --with-ecj-jar=/usr/share/java/eclipse-ecj.jar --enable-gtk-cairo --disable-libjava-multilib --enable-ssp --disable-libssp --disable-werror --with-ppl --with-cloog --with-python-dir=/lib/python2.6/site-packages
Thread model: posix
gcc version 4.4.1 (GCC) 
configure:3562: $? = 0
configure:3569: g++ -V >&5
g++: '-V' option must have argument
configure:3573: $? = 1
configure:3576: checking whether we are using the GNU C++ compiler
configure:3605: g++ -c   conftest.cpp >&5
configure:3612: $? = 0
configure:3629: result: yes
configure:3638: checking whether g++ accepts -g
configure:3668: g++ -c -g  conftest.cpp >&5
configure:3675: $? = 0
configure:3776: result: yes
configure:3801: checking dependency style of g++
configure:3892: result: gcc3
configure:3917: checking how to run the C preprocessor
configure:3957: gcc -E  conftest.c
configure:3964: $? = 0
configure:3995: gcc -E  conftest.c
conftest.c:10:28: error: ac_nonexistent.h: No such file or directory
configure:4002: $? = 1
configure: failed program was:
| /* confdefs.h.  */
| #define PACKAGE_NAME "headoverheels"
| #define PACKAGE_TARNAME "headoverheels"
| #define PACKAGE_VERSION "1.0"
| #define PACKAGE_STRING "headoverheels 1.0"
| #define PACKAGE_BUGREPORT "jorge@helmantika.org"
| #define PACKAGE "headoverheels"
| #define VERSION "1.0"
| /* end confdefs.h.  */
| #include <ac_nonexistent.h>
configure:4035: result: gcc -E
configure:4064: gcc -E  conftest.c
configure:4071: $? = 0
configure:4102: gcc -E  conftest.c
conftest.c:10:28: error: ac_nonexistent.h: No such file or directory
configure:4109: $? = 1
configure: failed program was:
| /* confdefs.h.  */
| #define PACKAGE_NAME "headoverheels"
| #define PACKAGE_TARNAME "headoverheels"
| #define PACKAGE_VERSION "1.0"
| #define PACKAGE_STRING "headoverheels 1.0"
| #define PACKAGE_BUGREPORT "jorge@helmantika.org"
| #define PACKAGE "headoverheels"
| #define VERSION "1.0"
| /* end confdefs.h.  */
| #include <ac_nonexistent.h>
configure:4149: checking for grep that handles long lines and -e
configure:4209: result: /bin/grep
configure:4214: checking for egrep
configure:4278: result: /bin/grep -E
configure:4283: checking for ANSI C header files
configure:4313: gcc -c -g -O2  conftest.c >&5
configure:4320: $? = 0
configure:4419: gcc -o conftest -g -O2   conftest.c  >&5
configure:4423: $? = 0
configure:4429: ./conftest
configure:4433: $? = 0
configure:4451: result: yes
configure:4475: checking for sys/types.h
configure:4496: gcc -c -g -O2  conftest.c >&5
configure:4503: $? = 0
configure:4520: result: yes
configure:4475: checking for sys/stat.h
configure:4496: gcc -c -g -O2  conftest.c >&5
configure:4503: $? = 0
configure:4520: result: yes
configure:4475: checking for stdlib.h
configure:4496: gcc -c -g -O2  conftest.c >&5
configure:4503: $? = 0
configure:4520: result: yes
configure:4475: checking for string.h
configure:4496: gcc -c -g -O2  conftest.c >&5
configure:4503: $? = 0
configure:4520: result: yes
configure:4475: checking for memory.h
configure:4496: gcc -c -g -O2  conftest.c >&5
configure:4503: $? = 0
configure:4520: result: yes
configure:4475: checking for strings.h
configure:4496: gcc -c -g -O2  conftest.c >&5
configure:4503: $? = 0
configure:4520: result: yes
configure:4475: checking for inttypes.h
configure:4496: gcc -c -g -O2  conftest.c >&5
configure:4503: $? = 0
configure:4520: result: yes
configure:4475: checking for stdint.h
configure:4496: gcc -c -g -O2  conftest.c >&5
configure:4503: $? = 0
configure:4520: result: yes
configure:4475: checking for unistd.h
configure:4496: gcc -c -g -O2  conftest.c >&5
configure:4503: $? = 0
configure:4520: result: yes
configure:4550: checking allegro.h usability
configure:4567: gcc -c -g -O2  conftest.c >&5
configure:4574: $? = 0
configure:4588: result: yes
configure:4592: checking allegro.h presence
configure:4607: gcc -E  conftest.c
configure:4614: $? = 0
configure:4628: result: yes
configure:4661: checking for allegro.h
configure:4670: result: yes
configure:4707: checking vorbis/codec.h usability
configure:4724: gcc -c -g -O2  conftest.c >&5
configure:4731: $? = 0
configure:4745: result: yes
configure:4749: checking vorbis/codec.h presence
configure:4764: gcc -E  conftest.c
configure:4771: $? = 0
configure:4785: result: yes
configure:4818: checking for vorbis/codec.h
configure:4827: result: yes
configure:4707: checking vorbis/vorbisenc.h usability
configure:4724: gcc -c -g -O2  conftest.c >&5
configure:4731: $? = 0
configure:4745: result: yes
configure:4749: checking vorbis/vorbisenc.h presence
configure:4764: gcc -E  conftest.c
configure:4771: $? = 0
configure:4785: result: yes
configure:4818: checking for vorbis/vorbisenc.h
configure:4827: result: yes
configure:4707: checking vorbis/vorbisfile.h usability
configure:4724: gcc -c -g -O2  conftest.c >&5
configure:4731: $? = 0
configure:4745: result: yes
configure:4749: checking vorbis/vorbisfile.h presence
configure:4764: gcc -E  conftest.c
configure:4771: $? = 0
configure:4785: result: yes
configure:4818: checking for vorbis/vorbisfile.h
configure:4827: result: yes
configure:4862: checking ogg/ogg.h usability
configure:4879: gcc -c -g -O2  conftest.c >&5
configure:4886: $? = 0
configure:4900: result: yes
configure:4904: checking ogg/ogg.h presence
configure:4919: gcc -E  conftest.c
configure:4926: $? = 0
configure:4940: result: yes
configure:4973: checking for ogg/ogg.h
configure:4982: result: yes
configure:5017: checking xercesc/util/XercesVersion.hpp usability
configure:5034: gcc -c -g -O2  conftest.c >&5
configure:5041: $? = 0
configure:5055: result: yes
configure:5059: checking xercesc/util/XercesVersion.hpp presence
configure:5074: gcc -E  conftest.c
configure:5081: $? = 0
configure:5095: result: yes
configure:5128: checking for xercesc/util/XercesVersion.hpp
configure:5137: result: yes
configure:5172: checking pthread.h usability
configure:5189: gcc -c -g -O2  conftest.c >&5
configure:5196: $? = 0
configure:5210: result: yes
configure:5214: checking pthread.h presence
configure:5229: gcc -E  conftest.c
configure:5236: $? = 0
configure:5250: result: yes
configure:5283: checking for pthread.h
configure:5292: result: yes
configure:5477: creating ./config.status

## ---------------------- ##
## Running config.status. ##
## ---------------------- ##

This file was extended by headoverheels config.status 1.0, which was
generated by GNU Autoconf 2.63.  Invocation command line was

  CONFIG_FILES    = 
  CONFIG_HEADERS  = 
  CONFIG_LINKS    = 
  CONFIG_COMMANDS = 
  $ ./config.status 

on cosus

config.status:722: creating Makefile
config.status:722: creating src/Makefile
config.status:722: creating gamedata/Makefile
config.status:722: creating gamedata/gfx/Makefile
config.status:722: creating gamedata/gfx/blacktooth/Makefile
config.status:722: creating gamedata/gfx/byblos/Makefile
config.status:722: creating gamedata/gfx/egyptus/Makefile
config.status:722: creating gamedata/gfx/gui/Makefile
config.status:722: creating gamedata/gfx/item/Makefile
config.status:722: creating gamedata/gfx/jail/Makefile
config.status:722: creating gamedata/gfx/market/Makefile
config.status:722: creating gamedata/gfx/moonbase/Makefile
config.status:722: creating gamedata/gfx/penitentiary/Makefile
config.status:722: creating gamedata/gfx/safari/Makefile
config.status:722: creating gamedata/map/Makefile
config.status:722: creating gamedata/map/blacktooth/Makefile
config.status:722: creating gamedata/map/byblos/Makefile
config.status:722: creating gamedata/map/egyptus/Makefile
config.status:722: creating gamedata/map/moonbase/Makefile
config.status:722: creating gamedata/map/penitentiary/Makefile
config.status:722: creating gamedata/map/safari/Makefile
config.status:722: creating gamedata/music/Makefile
config.status:722: creating gamedata/savegame/Makefile
config.status:722: creating gamedata/sound/Makefile
config.status:722: creating gamedata/text/Makefile
config.status:933: executing depfiles commands

## ---------------- ##
## Cache variables. ##
## ---------------- ##

ac_cv_c_compiler_gnu=yes
ac_cv_cxx_compiler_gnu=yes
ac_cv_env_CCC_set=
ac_cv_env_CCC_value=
ac_cv_env_CC_set=
ac_cv_env_CC_value=
ac_cv_env_CFLAGS_set=
ac_cv_env_CFLAGS_value=
ac_cv_env_CPPFLAGS_set=
ac_cv_env_CPPFLAGS_value=
ac_cv_env_CPP_set=
ac_cv_env_CPP_value=
ac_cv_env_CXXFLAGS_set=
ac_cv_env_CXXFLAGS_value=
ac_cv_env_CXX_set=
ac_cv_env_CXX_value=
ac_cv_env_LDFLAGS_set=
ac_cv_env_LDFLAGS_value=
ac_cv_env_LIBS_set=
ac_cv_env_LIBS_value=
ac_cv_env_build_alias_set=
ac_cv_env_build_alias_value=
ac_cv_env_host_alias_set=
ac_cv_env_host_alias_value=
ac_cv_env_target_alias_set=
ac_cv_env_target_alias_value=
ac_cv_header_allegro_h=yes
ac_cv_header_inttypes_h=yes
ac_cv_header_memory_h=yes
ac_cv_header_ogg_ogg_h=yes
ac_cv_header_pthread_h=yes
ac_cv_header_stdc=yes
ac_cv_header_stdint_h=yes
ac_cv_header_stdlib_h=yes
ac_cv_header_string_h=yes
ac_cv_header_strings_h=yes
ac_cv_header_sys_stat_h=yes
ac_cv_header_sys_types_h=yes
ac_cv_header_unistd_h=yes
ac_cv_header_vorbis_codec_h=yes
ac_cv_header_vorbis_vorbisenc_h=yes
ac_cv_header_vorbis_vorbisfile_h=yes
ac_cv_header_xercesc_util_XercesVersion_hpp=yes
ac_cv_objext=o
ac_cv_path_EGREP='/bin/grep -E'
ac_cv_path_GREP=/bin/grep
ac_cv_path_install='/usr/bin/install -c'
ac_cv_path_mkdir=/bin/mkdir
ac_cv_prog_AWK=gawk
ac_cv_prog_CPP='gcc -E'
ac_cv_prog_ac_ct_CC=gcc
ac_cv_prog_ac_ct_CXX=g++
ac_cv_prog_cc_c89=
ac_cv_prog_cc_g=yes
ac_cv_prog_cxx_g=yes
ac_cv_prog_make_make_set=yes
am_cv_CC_dependencies_compiler_type=gcc3
am_cv_CXX_dependencies_compiler_type=gcc3

## ----------------- ##
## Output variables. ##
## ----------------- ##

ACLOCAL='${SHELL} /home/jorge/headoverheels-1.0.0/missing --run aclocal-1.10'
AMDEPBACKSLASH='\'
AMDEP_FALSE='#'
AMDEP_TRUE=''
AMTAR='${SHELL} /home/jorge/headoverheels-1.0.0/missing --run tar'
AUTOCONF='${SHELL} /home/jorge/headoverheels-1.0.0/missing --run autoconf'
AUTOHEADER='${SHELL} /home/jorge/headoverheels-1.0.0/missing --run autoheader'
AUTOMAKE='${SHELL} /home/jorge/headoverheels-1.0.0/missing --run automake-1.10'
AWK='gawk'
CC='gcc'
CCDEPMODE='depmode=gcc3'
CFLAGS='-g -O2'
CPP='gcc -E'
CPPFLAGS=''
CXX='g++'
CXXDEPMODE='depmode=gcc3'
CXXFLAGS='-g -O2'
CYGPATH_W='echo'
DEFS='-DPACKAGE_NAME=\"headoverheels\" -DPACKAGE_TARNAME=\"headoverheels\" -DPACKAGE_VERSION=\"1.0\" -DPACKAGE_STRING=\"headoverheels\ 1.0\" -DPACKAGE_BUGREPORT=\"jorge@helmantika.org\" -DPACKAGE=\"headoverheels\" -DVERSION=\"1.0\" -DSTDC_HEADERS=1 -DHAVE_SYS_TYPES_H=1 -DHAVE_SYS_STAT_H=1 -DHAVE_STDLIB_H=1 -DHAVE_STRING_H=1 -DHAVE_MEMORY_H=1 -DHAVE_STRINGS_H=1 -DHAVE_INTTYPES_H=1 -DHAVE_STDINT_H=1 -DHAVE_UNISTD_H=1 -DHAVE_ALLEGRO_H=1 -DHAVE_VORBIS_CODEC_H=1 -DHAVE_VORBIS_VORBISENC_H=1 -DHAVE_VORBIS_VORBISFILE_H=1 -DHAVE_OGG_OGG_H=1 -DHAVE_XERCESC_UTIL_XERCESVERSION_HPP=1 -DHAVE_PTHREAD_H=1'
DEPDIR='.deps'
ECHO_C=''
ECHO_N='-n'
ECHO_T=''
EGREP='/bin/grep -E'
EXEEXT=''
GREP='/bin/grep'
INSTALL_DATA='${INSTALL} -m 644'
INSTALL_PROGRAM='${INSTALL}'
INSTALL_SCRIPT='${INSTALL}'
INSTALL_STRIP_PROGRAM='$(install_sh) -c -s'
LDFLAGS=''
LIBOBJS=''
LIBS=''
LTLIBOBJS=''
MAKEINFO='${SHELL} /home/jorge/headoverheels-1.0.0/missing --run makeinfo'
MKDIR_P='/bin/mkdir -p'
OBJEXT='o'
PACKAGE='headoverheels'
PACKAGE_BUGREPORT='jorge@helmantika.org'
PACKAGE_NAME='headoverheels'
PACKAGE_STRING='headoverheels 1.0'
PACKAGE_TARNAME='headoverheels'
PACKAGE_VERSION='1.0'
PATH_SEPARATOR=':'
SET_MAKE=''
SHELL='/bin/sh'
STRIP=''
VERSION='1.0'
ac_ct_CC='gcc'
ac_ct_CXX='g++'
am__fastdepCC_FALSE='#'
am__fastdepCC_TRUE=''
am__fastdepCXX_FALSE='#'
am__fastdepCXX_TRUE=''
am__include='include'
am__isrc=''
am__leading_dot='.'
am__quote=''
am__tar='${AMTAR} chof - "$$tardir"'
am__untar='${AMTAR} xf -'
bindir='${exec_prefix}/bin'
build_alias=''
datadir='${datarootdir}'
datarootdir='${prefix}/share'
docdir='${datarootdir}/doc/${PACKAGE_TARNAME}'
dvidir='${docdir}'
exec_prefix='${prefix}'
host_alias=''
htmldir='${docdir}'
includedir='${prefix}/include'
infodir='${datarootdir}/info'
install_sh='$(SHELL) /home/jorge/headoverheels-1.0.0/install-sh'
libdir='${exec_prefix}/lib'
libexecdir='${exec_prefix}/libexec'
localedir='${datarootdir}/locale'
localstatedir='${prefix}/var'
mandir='${datarootdir}/man'
mkdir_p='/bin/mkdir -p'
oldincludedir='/usr/include'
pdfdir='${docdir}'
prefix='/usr/local'
program_transform_name='s,x,x,'
psdir='${docdir}'
sbindir='${exec_prefix}/sbin'
sharedstatedir='${prefix}/com'
sysconfdir='${prefix}/etc'
target_alias=''

## ----------- ##
## confdefs.h. ##
## ----------- ##

#define PACKAGE_NAME "headoverheels"
#define PACKAGE_TARNAME "headoverheels"
#define PACKAGE_VERSION "1.0"
#define PACKAGE_STRING "headoverheels 1.0"
#define PACKAGE_BUGREPORT "jorge@helmantika.org"
#define PACKAGE "headoverheels"
#define VERSION "1.0"
#define STDC_HEADERS 1
#define HAVE_SYS_TYPES_H 1
#define HAVE_SYS_STAT_H 1
#define HAVE_STDLIB_H 1
#define HAVE_STRING_H 1
#define HAVE_MEMORY_H 1
#define HAVE_STRINGS_H 1
#define HAVE_INTTYPES_H 1
#define HAVE_STDINT_H 1
#define HAVE_UNISTD_H 1
#define HAVE_ALLEGRO_H 1
#define HAVE_VORBIS_CODEC_H 1
#define HAVE_VORBIS_VORBISENC_H 1
#define HAVE_VORBIS_VORBISFILE_H 1
#define HAVE_OGG_OGG_H 1
#define HAVE_XERCESC_UTIL_XERCESVERSION_HPP 1
#define HAVE_PTHREAD_H 1

configure: exit 0
